<?xml version="1.0" encoding="UTF-8"?>
<testng-results skipped="0" failed="0" ignored="0" total="1" passed="1">
  <reporter-output>
  </reporter-output>
  <suite name="Default suite" duration-ms="31047" started-at="2020-06-26T17:10:47Z" finished-at="2020-06-26T17:11:18Z">
    <groups>
      <group name="cucumber">
        <method signature="AbstractTestNGCucumberTests.runScenario(cucumber.api.testng.PickleEventWrapper, cucumber.api.testng.CucumberFeatureWrapper)[pri:0, instance:runner.NaukriRunner@79ca92b9]" name="runScenario" class="cucumber.api.testng.AbstractTestNGCucumberTests"/>
      </group> <!-- cucumber -->
    </groups>
    <test name="Default test" duration-ms="31047" started-at="2020-06-26T17:10:47Z" finished-at="2020-06-26T17:11:18Z">
      <class name="runner.NaukriRunner">
        <test-method status="PASS" signature="setUpClass()[pri:0, instance:runner.NaukriRunner@79ca92b9]" name="setUpClass" is-config="true" duration-ms="150" started-at="2020-06-26T17:10:47Z" finished-at="2020-06-26T17:10:47Z">
          <reporter-output>
          </reporter-output>
        </test-method> <!-- setUpClass -->
        <test-method status="PASS" signature="runScenario(cucumber.api.testng.PickleEventWrapper, cucumber.api.testng.CucumberFeatureWrapper)[pri:0, instance:runner.NaukriRunner@79ca92b9]" name="runScenario" duration-ms="30786" started-at="2020-06-26T17:10:47Z" description="Runs Cucumber Scenarios" data-provider="scenarios" finished-at="2020-06-26T17:11:18Z">
          <params>
            <param index="0">
              <value>
                <![CDATA["Upload a CV and get Error msg"]]>
              </value>
            </param>
            <param index="1">
              <value>
                <![CDATA["Upload CV in naukri"]]>
              </value>
            </param>
          </params>
          <reporter-output>
          </reporter-output>
        </test-method> <!-- runScenario -->
        <test-method status="PASS" signature="tearDownClass()[pri:0, instance:runner.NaukriRunner@79ca92b9]" name="tearDownClass" is-config="true" duration-ms="25" started-at="2020-06-26T17:11:18Z" finished-at="2020-06-26T17:11:18Z">
          <reporter-output>
          </reporter-output>
        </test-method> <!-- tearDownClass -->
      </class> <!-- runner.NaukriRunner -->
    </test> <!-- Default test -->
  </suite> <!-- Default suite -->
</testng-results>
